TN:
SF:/home/n3m3sis/development/nodejs/report_deck/api/index.js
FN:22,(anonymous_0)
FN:26,(anonymous_1)
FNF:2
FNH:1
FNDA:0,(anonymous_0)
FNDA:1,(anonymous_1)
DA:1,1
DA:2,1
DA:3,1
DA:4,1
DA:5,1
DA:6,1
DA:7,1
DA:8,1
DA:9,1
DA:10,1
DA:11,1
DA:12,1
DA:13,1
DA:14,1
DA:15,1
DA:16,1
DA:17,1
DA:18,1
DA:19,1
DA:20,1
DA:22,1
DA:26,1
DA:27,1
DA:31,1
LF:24
LH:24
BRDA:20,0,0,1
BRDA:20,0,1,1
BRF:2
BRH:2
end_of_record
TN:
SF:/home/n3m3sis/development/nodejs/report_deck/api/models/classcourse.js
FN:2,(anonymous_0)
FN:7,(anonymous_1)
FNF:2
FNH:2
FNDA:1,(anonymous_0)
FNDA:1,(anonymous_1)
DA:2,1
DA:3,1
DA:7,1
DA:10,1
LF:4
LH:4
BRF:0
BRH:0
end_of_record
TN:
SF:/home/n3m3sis/development/nodejs/report_deck/api/models/classes.js
FN:2,(anonymous_0)
FN:10,(anonymous_1)
FNF:2
FNH:2
FNDA:1,(anonymous_0)
FNDA:1,(anonymous_1)
DA:2,1
DA:3,1
DA:10,1
DA:13,1
LF:4
LH:4
BRF:0
BRH:0
end_of_record
TN:
SF:/home/n3m3sis/development/nodejs/report_deck/api/models/course.js
FN:2,(anonymous_0)
FN:7,(anonymous_1)
FNF:2
FNH:2
FNDA:1,(anonymous_0)
FNDA:1,(anonymous_1)
DA:2,1
DA:3,1
DA:7,1
DA:10,1
LF:4
LH:4
BRF:0
BRH:0
end_of_record
TN:
SF:/home/n3m3sis/development/nodejs/report_deck/api/models/courseteacher.js
FN:2,(anonymous_0)
FN:10,(anonymous_1)
FNF:2
FNH:2
FNDA:1,(anonymous_0)
FNDA:1,(anonymous_1)
DA:2,1
DA:3,1
DA:10,1
DA:13,1
LF:4
LH:4
BRF:0
BRH:0
end_of_record
TN:
SF:/home/n3m3sis/development/nodejs/report_deck/api/models/index.js
FN:19,(anonymous_0)
FN:22,(anonymous_1)
FN:27,(anonymous_2)
FNF:3
FNH:3
FNDA:11,(anonymous_0)
FNDA:10,(anonymous_1)
FNDA:10,(anonymous_2)
DA:3,1
DA:4,1
DA:5,1
DA:6,1
DA:7,1
DA:8,1
DA:9,1
DA:12,1
DA:13,0
DA:15,1
DA:18,1
DA:20,11
DA:23,10
DA:24,10
DA:27,1
DA:28,10
DA:29,10
DA:33,1
DA:34,1
DA:36,1
LF:20
LH:19
BRDA:7,0,0,1
BRDA:7,0,1,0
BRDA:12,1,0,0
BRDA:12,1,1,1
BRDA:20,2,0,11
BRDA:20,2,1,11
BRDA:20,2,2,10
BRDA:28,3,0,10
BRDA:28,3,1,0
BRF:9
BRH:6
end_of_record
TN:
SF:/home/n3m3sis/development/nodejs/report_deck/api/models/schoolparameters.js
FN:2,(anonymous_0)
FN:18,(anonymous_1)
FNF:2
FNH:2
FNDA:1,(anonymous_0)
FNDA:1,(anonymous_1)
DA:2,1
DA:3,1
DA:18,1
DA:21,1
LF:4
LH:4
BRF:0
BRH:0
end_of_record
TN:
SF:/home/n3m3sis/development/nodejs/report_deck/api/models/sections.js
FN:2,(anonymous_0)
FN:8,(anonymous_1)
FNF:2
FNH:2
FNDA:1,(anonymous_0)
FNDA:1,(anonymous_1)
DA:2,1
DA:3,1
DA:8,1
DA:11,1
LF:4
LH:4
BRF:0
BRH:0
end_of_record
TN:
SF:/home/n3m3sis/development/nodejs/report_deck/api/models/staff.js
FN:2,(anonymous_0)
FN:8,(anonymous_1)
FNF:2
FNH:2
FNDA:1,(anonymous_0)
FNDA:1,(anonymous_1)
DA:2,1
DA:3,1
DA:8,1
DA:11,1
LF:4
LH:4
BRF:0
BRH:0
end_of_record
TN:
SF:/home/n3m3sis/development/nodejs/report_deck/api/models/students.js
FN:2,(anonymous_0)
FN:15,(anonymous_1)
FNF:2
FNH:2
FNDA:1,(anonymous_0)
FNDA:1,(anonymous_1)
DA:2,1
DA:3,1
DA:15,1
DA:18,1
LF:4
LH:4
BRF:0
BRH:0
end_of_record
TN:
SF:/home/n3m3sis/development/nodejs/report_deck/api/models/studentsclass.js
FN:2,(anonymous_0)
FN:7,(anonymous_1)
FNF:2
FNH:2
FNDA:1,(anonymous_0)
FNDA:1,(anonymous_1)
DA:2,1
DA:3,1
DA:7,1
DA:10,1
LF:4
LH:4
BRF:0
BRH:0
end_of_record
TN:
SF:/home/n3m3sis/development/nodejs/report_deck/api/models/term.js
FN:2,_default
FN:13,(anonymous_1)
FNF:2
FNH:2
FNDA:1,_default
FNDA:1,(anonymous_1)
DA:2,1
DA:3,1
DA:13,1
DA:16,1
LF:4
LH:4
BRF:0
BRH:0
end_of_record
TN:
SF:/home/n3m3sis/development/nodejs/report_deck/api/server/controllers/classController.js
FNF:0
FNH:0
DA:1,1
DA:2,1
DA:4,1
DA:11,1
DA:15,0
DA:20,0
DA:28,1
DA:33,1
DA:37,0
DA:46,0
DA:52,0
DA:55,0
DA:60,0
DA:74,0
DA:81,1
DA:86,0
DA:89,0
DA:96,1
DA:108,0
DA:111,0
DA:116,2
DA:122,1
LF:22
LH:10
BRDA:27,0,0,2
BRDA:27,0,1,2
BRDA:27,0,2,1
BRDA:27,0,3,1
BRDA:27,0,4,1
BRF:5
BRH:5
end_of_record
TN:
SF:/home/n3m3sis/development/nodejs/report_deck/api/server/controllers/courseTeacherController.js
FNF:0
FNH:0
DA:1,1
DA:2,1
DA:4,1
DA:12,0
DA:15,0
DA:19,0
DA:27,0
DA:30,0
DA:33,0
DA:34,0
DA:43,0
DA:46,0
DA:50,0
DA:60,0
DA:63,0
DA:67,0
DA:76,0
DA:80,0
DA:85,1
LF:19
LH:4
BRF:0
BRH:0
end_of_record
TN:
SF:/home/n3m3sis/development/nodejs/report_deck/api/server/controllers/schoolParameterController.js
FNF:0
FNH:0
DA:1,1
DA:2,1
DA:3,1
DA:10,0
DA:13,0
DA:17,0
DA:25,0
DA:32,0
DA:37,0
DA:40,0
DA:47,0
DA:57,0
DA:60,0
DA:64,0
DA:69,1
LF:15
LH:4
BRF:0
BRH:0
end_of_record
TN:
SF:/home/n3m3sis/development/nodejs/report_deck/api/server/controllers/sectionController.js
FNF:0
FNH:0
DA:1,1
DA:2,1
DA:4,1
DA:12,0
DA:15,0
DA:19,0
DA:27,0
DA:30,0
DA:34,0
DA:35,0
DA:44,0
DA:47,0
DA:51,0
DA:61,0
DA:64,0
DA:68,0
DA:77,0
DA:81,0
DA:86,1
LF:19
LH:4
BRF:0
BRH:0
end_of_record
TN:
SF:/home/n3m3sis/development/nodejs/report_deck/api/server/controllers/staffController.js
FNF:0
FNH:0
DA:1,1
DA:2,1
DA:3,1
DA:4,1
DA:13,0
DA:16,0
DA:20,0
DA:28,0
DA:32,0
DA:36,0
DA:45,0
DA:50,0
DA:53,0
DA:58,0
DA:67,0
DA:71,0
DA:76,0
DA:80,0
DA:88,0
DA:95,0
DA:101,0
DA:104,0
DA:109,0
DA:118,1
LF:24
LH:5
BRDA:27,0,0,0
BRDA:27,0,1,0
BRDA:27,0,2,0
BRF:3
BRH:0
end_of_record
TN:
SF:/home/n3m3sis/development/nodejs/report_deck/api/server/controllers/studentController.js
FNF:0
FNH:0
DA:1,1
DA:2,1
DA:3,1
DA:11,0
DA:14,0
DA:18,0
DA:27,0
DA:30,0
DA:34,0
DA:43,0
DA:46,0
DA:50,0
DA:59,0
DA:62,0
DA:66,0
DA:78,0
DA:83,0
DA:86,0
DA:93,0
DA:99,1
LF:20
LH:4
BRF:0
BRH:0
end_of_record
TN:
SF:/home/n3m3sis/development/nodejs/report_deck/api/server/controllers/termController.js
FNF:0
FNH:0
DA:1,1
DA:2,1
DA:4,1
DA:12,0
DA:15,0
DA:19,0
DA:28,0
DA:31,0
DA:35,0
DA:44,0
DA:47,0
DA:63,0
DA:68,0
DA:71,0
DA:78,0
DA:88,0
DA:93,0
DA:96,0
DA:105,1
LF:19
LH:4
BRF:0
BRH:0
end_of_record
TN:
SF:/home/n3m3sis/development/nodejs/report_deck/api/server/routes/classRouter.js
FNF:0
FNH:0
DA:1,1
DA:2,1
DA:4,1
DA:5,1
DA:6,1
DA:7,1
DA:8,1
DA:9,1
DA:10,1
LF:9
LH:9
BRF:0
BRH:0
end_of_record
TN:
SF:/home/n3m3sis/development/nodejs/report_deck/api/server/routes/courseTeacherRoutes.js
FNF:0
FNH:0
DA:1,1
DA:2,1
DA:4,1
DA:5,1
DA:6,1
DA:7,1
DA:8,1
DA:9,1
DA:10,1
LF:9
LH:9
BRF:0
BRH:0
end_of_record
TN:
SF:/home/n3m3sis/development/nodejs/report_deck/api/server/routes/sectionRoutes.js
FNF:0
FNH:0
DA:1,1
DA:2,1
DA:3,1
DA:4,1
DA:5,1
DA:6,1
DA:7,1
DA:8,1
DA:9,1
LF:9
LH:9
BRF:0
BRH:0
end_of_record
TN:
SF:/home/n3m3sis/development/nodejs/report_deck/api/server/routes/staffRoutes.js
FNF:0
FNH:0
DA:1,1
DA:2,1
DA:4,1
DA:6,1
DA:7,1
DA:8,1
DA:9,1
DA:10,1
DA:12,1
LF:9
LH:9
BRF:0
BRH:0
end_of_record
TN:
SF:/home/n3m3sis/development/nodejs/report_deck/api/server/routes/studentParameterRouter.js
FNF:0
FNH:0
DA:1,1
DA:2,1
DA:4,1
DA:5,1
DA:6,1
DA:7,1
DA:8,1
LF:7
LH:7
BRF:0
BRH:0
end_of_record
TN:
SF:/home/n3m3sis/development/nodejs/report_deck/api/server/routes/studentRoutes.js
FNF:0
FNH:0
DA:1,1
DA:2,1
DA:4,1
DA:5,1
DA:6,1
DA:7,1
DA:8,1
DA:9,1
DA:10,1
LF:9
LH:9
BRF:0
BRH:0
end_of_record
TN:
SF:/home/n3m3sis/development/nodejs/report_deck/api/server/routes/termRoutes.js
FNF:0
FNH:0
DA:1,1
DA:2,1
DA:4,1
DA:5,1
DA:6,1
DA:7,1
DA:8,1
DA:9,1
DA:10,1
LF:9
LH:9
BRF:0
BRH:0
end_of_record
TN:
SF:/home/n3m3sis/development/nodejs/report_deck/api/server/services/classServices.js
FNF:0
FNH:0
DA:1,1
DA:2,1
DA:3,1
DA:76,1
LF:4
LH:4
BRF:0
BRH:0
end_of_record
TN:
SF:/home/n3m3sis/development/nodejs/report_deck/api/server/services/courseTeacherService.js
FNF:0
FNH:0
DA:1,1
DA:57,1
LF:2
LH:2
BRF:0
BRH:0
end_of_record
TN:
SF:/home/n3m3sis/development/nodejs/report_deck/api/server/services/schoolparameterServices.js
FNF:0
FNH:0
DA:1,1
DA:57,1
LF:2
LH:2
BRF:0
BRH:0
end_of_record
TN:
SF:/home/n3m3sis/development/nodejs/report_deck/api/server/services/sectionServices.js
FNF:0
FNH:0
DA:1,1
DA:57,1
LF:2
LH:2
BRF:0
BRH:0
end_of_record
TN:
SF:/home/n3m3sis/development/nodejs/report_deck/api/server/services/staffServices.js
FNF:0
FNH:0
DA:1,1
DA:2,1
DA:3,1
DA:63,1
LF:4
LH:4
BRF:0
BRH:0
end_of_record
TN:
SF:/home/n3m3sis/development/nodejs/report_deck/api/server/services/studentServices.js
FNF:0
FNH:0
DA:1,1
DA:2,1
DA:4,1
DA:66,1
LF:4
LH:4
BRF:0
BRH:0
end_of_record
TN:
SF:/home/n3m3sis/development/nodejs/report_deck/api/server/services/termServices.js
FNF:0
FNH:0
DA:1,1
DA:2,1
DA:3,1
DA:89,1
LF:4
LH:4
BRF:0
BRH:0
end_of_record
TN:
SF:/home/n3m3sis/development/nodejs/report_deck/api/server/utils/Util.js
FN:3,Util
FN:9,setSuccess
FN:16,setError
FN:21,send
FNF:4
FNH:4
FNDA:7,Util
FNDA:2,setSuccess
FNDA:5,setError
FNDA:7,send
DA:3,7
DA:4,7
DA:5,7
DA:6,7
DA:7,7
DA:10,2
DA:11,2
DA:12,2
DA:13,2
DA:17,5
DA:18,5
DA:19,5
DA:22,7
DA:27,7
DA:28,2
DA:30,5
LF:16
LH:16
BRDA:27,0,0,2
BRDA:27,0,1,5
BRF:2
BRH:2
end_of_record
TN:
SF:/home/n3m3sis/development/nodejs/report_deck/api/test/test.js
FN:8,(anonymous_0)
FN:9,(anonymous_1)
FN:21,(anonymous_2)
FN:34,(anonymous_3)
FN:38,(anonymous_4)
FN:49,(anonymous_5)
FN:54,(anonymous_6)
FN:65,(anonymous_7)
FN:70,(anonymous_8)
FN:78,(anonymous_9)
FN:89,(anonymous_10)
FN:97,(anonymous_11)
FN:110,(anonymous_12)
FN:117,(anonymous_13)
FN:126,(anonymous_14)
FN:133,(anonymous_15)
FN:146,(anonymous_16)
FN:158,(anonymous_17)
FN:163,(anonymous_18)
FN:171,(anonymous_19)
FN:176,(anonymous_20)
FN:184,(anonymous_21)
FN:189,(anonymous_22)
FN:197,(anonymous_23)
FN:207,(anonymous_24)
FN:217,(anonymous_25)
FN:225,(anonymous_26)
FN:233,(anonymous_27)
FN:244,(anonymous_28)
FN:254,(anonymous_29)
FN:263,(anonymous_30)
FN:270,(anonymous_31)
FN:274,(anonymous_32)
FN:285,(anonymous_33)
FN:290,(anonymous_34)
FN:296,(anonymous_35)
FN:302,(anonymous_36)
FNF:37
FNH:15
FNDA:1,(anonymous_0)
FNDA:1,(anonymous_1)
FNDA:1,(anonymous_2)
FNDA:1,(anonymous_3)
FNDA:1,(anonymous_4)
FNDA:1,(anonymous_5)
FNDA:1,(anonymous_6)
FNDA:1,(anonymous_7)
FNDA:1,(anonymous_8)
FNDA:1,(anonymous_9)
FNDA:1,(anonymous_10)
FNDA:1,(anonymous_11)
FNDA:1,(anonymous_12)
FNDA:1,(anonymous_13)
FNDA:1,(anonymous_14)
FNDA:0,(anonymous_15)
FNDA:0,(anonymous_16)
FNDA:0,(anonymous_17)
FNDA:0,(anonymous_18)
FNDA:0,(anonymous_19)
FNDA:0,(anonymous_20)
FNDA:0,(anonymous_21)
FNDA:0,(anonymous_22)
FNDA:0,(anonymous_23)
FNDA:0,(anonymous_24)
FNDA:0,(anonymous_25)
FNDA:0,(anonymous_26)
FNDA:0,(anonymous_27)
FNDA:0,(anonymous_28)
FNDA:0,(anonymous_29)
FNDA:0,(anonymous_30)
FNDA:0,(anonymous_31)
FNDA:0,(anonymous_32)
FNDA:0,(anonymous_33)
FNDA:0,(anonymous_34)
FNDA:0,(anonymous_35)
FNDA:0,(anonymous_36)
DA:1,1
DA:2,1
DA:3,1
DA:4,1
DA:6,1
DA:7,1
DA:8,1
DA:9,1
DA:10,1
DA:17,1
DA:22,1
DA:23,1
DA:30,1
DA:34,1
DA:35,1
DA:39,1
DA:40,1
DA:41,1
DA:42,1
DA:43,1
DA:44,1
DA:45,1
DA:46,1
DA:49,1
DA:50,1
DA:51,1
DA:55,1
DA:56,0
DA:57,0
DA:58,0
DA:59,0
DA:60,0
DA:61,0
DA:62,0
DA:65,1
DA:66,1
DA:67,1
DA:71,1
DA:72,1
DA:74,0
DA:78,1
DA:79,1
DA:85,1
DA:90,1
DA:91,1
DA:93,1
DA:97,1
DA:98,1
DA:99,1
DA:106,1
DA:111,1
DA:112,1
DA:115,1
DA:117,1
DA:118,1
DA:119,1
DA:122,1
DA:127,1
DA:128,1
DA:131,1
DA:133,1
DA:134,0
DA:135,0
DA:142,0
DA:147,0
DA:148,0
DA:150,0
DA:151,0
DA:152,0
DA:153,0
DA:154,0
DA:156,0
DA:158,1
DA:159,0
DA:160,0
DA:164,0
DA:165,0
DA:169,0
DA:171,1
DA:172,0
DA:173,0
DA:177,0
DA:178,0
DA:182,0
DA:184,1
DA:185,0
DA:186,0
DA:190,0
DA:191,0
DA:195,0
DA:197,1
DA:198,0
DA:203,0
DA:208,0
DA:209,0
DA:215,0
DA:217,1
DA:218,0
DA:221,0
DA:226,0
DA:227,0
DA:231,0
DA:233,1
DA:234,0
DA:235,0
DA:240,0
DA:245,0
DA:246,0
DA:252,0
DA:254,1
DA:255,0
DA:256,0
DA:259,0
DA:264,0
DA:265,0
DA:268,0
DA:270,1
DA:271,0
DA:275,0
DA:276,0
DA:278,0
DA:279,0
DA:280,0
DA:281,0
DA:285,1
DA:286,0
DA:287,0
DA:291,0
DA:292,0
DA:296,1
DA:297,0
DA:299,0
DA:303,0
DA:304,0
LF:134
LH:63
BRF:0
BRH:0
end_of_record
